<?xml version="1.0" encoding="UTF-8"?>
<testng-results ignored="1" total="2" passed="0" failed="1" skipped="0">
  <reporter-output>
  </reporter-output>
  <suite started-at="2021-04-15T14:58:03 SAST" name="Default suite" finished-at="2021-04-15T14:58:21 SAST" duration-ms="18390">
    <groups>
    </groups>
    <test started-at="2021-04-15T14:58:03 SAST" name="Default test" finished-at="2021-04-15T14:58:21 SAST" duration-ms="18390">
      <class name="Palindrome.Palindrome.PalindromesTest">
        <test-method is-config="true" signature="beforeTest()[pri:0, instance:Palindrome.Palindrome.PalindromesTest@1725dc0f]" started-at="2021-04-15T14:58:03 SAST" name="beforeTest" finished-at="2021-04-15T14:58:21 SAST" duration-ms="18328" status="PASS">
          <reporter-output>
          </reporter-output>
        </test-method> <!-- beforeTest -->
        <test-method signature="palindromeTest(java.lang.String)[pri:0, instance:Palindrome.Palindrome.PalindromesTest@1725dc0f]" started-at="2021-04-15T14:58:21 SAST" name="palindromeTest" finished-at="2021-04-15T14:58:21 SAST" duration-ms="0" status="FAIL">
          <exception class="org.testng.TestNGException">
            <message>
              <![CDATA[
Parameter 'palString' is required by @Test on method palindromeTest but has not been marked @Optional or defined
in C:\Users\User\AppData\Local\Temp\testng-eclipse-967319867\testng-customsuite.xml]]>
            </message>
            <full-stacktrace>
              <![CDATA[org.testng.TestNGException: 
Parameter 'palString' is required by @Test on method palindromeTest but has not been marked @Optional or defined
in C:\Users\User\AppData\Local\Temp\testng-eclipse-967319867\testng-customsuite.xml
at org.testng.internal.Parameters.createParams(Parameters.java:270)
at org.testng.internal.Parameters.createParametersForMethod(Parameters.java:358)
at org.testng.internal.Parameters.createParameters(Parameters.java:700)
at org.testng.internal.Parameters.handleParameters(Parameters.java:884)
at org.testng.internal.Parameters.handleParameters(Parameters.java:740)
at org.testng.internal.ParameterHandler.handleParameters(ParameterHandler.java:59)
at org.testng.internal.ParameterHandler.createParameters(ParameterHandler.java:38)
at org.testng.internal.TestInvoker$MethodInvocationAgent.invoke(TestInvoker.java:791)
at org.testng.internal.TestInvoker.invokeTestMethods(TestInvoker.java:146)
at org.testng.internal.TestMethodWorker.invokeTestMethods(TestMethodWorker.java:146)
at org.testng.internal.TestMethodWorker.run(TestMethodWorker.java:128)
at java.base/java.util.ArrayList.forEach(ArrayList.java:1511)
at org.testng.TestRunner.privateRun(TestRunner.java:794)
at org.testng.TestRunner.run(TestRunner.java:596)
at org.testng.SuiteRunner.runTest(SuiteRunner.java:377)
at org.testng.SuiteRunner.runSequentially(SuiteRunner.java:371)
at org.testng.SuiteRunner.privateRun(SuiteRunner.java:332)
at org.testng.SuiteRunner.run(SuiteRunner.java:276)
at org.testng.SuiteRunnerWorker.runSuite(SuiteRunnerWorker.java:53)
at org.testng.SuiteRunnerWorker.run(SuiteRunnerWorker.java:96)
at org.testng.TestNG.runSuitesSequentially(TestNG.java:1212)
at org.testng.TestNG.runSuitesLocally(TestNG.java:1134)
at org.testng.TestNG.runSuites(TestNG.java:1063)
at org.testng.TestNG.run(TestNG.java:1031)
at org.testng.remote.AbstractRemoteTestNG.run(AbstractRemoteTestNG.java:115)
at org.testng.remote.RemoteTestNG.initAndRun(RemoteTestNG.java:251)
at org.testng.remote.RemoteTestNG.main(RemoteTestNG.java:77)
]]>
            </full-stacktrace>
          </exception> <!-- org.testng.TestNGException -->
          <reporter-output>
          </reporter-output>
        </test-method> <!-- palindromeTest -->
      </class> <!-- Palindrome.Palindrome.PalindromesTest -->
    </test> <!-- Default test -->
  </suite> <!-- Default suite -->
</testng-results>
