<?xml version="1.0" encoding="UTF-8"?>
<!-- Generated by org.testng.reporters.JUnitXMLReporter -->
<testsuite ignored="0" hostname="DESKTOP-MK2E8NI" failures="0" tests="5" name="Test" time="62.46" errors="0" timestamp="2021-04-15T23:14:42 SAST">
  <testcase classname="Palindrome.Palindrome.PalindromesTest" name="alphaNumTest" time="11.86"/>
  <testcase classname="Palindrome.Palindrome.PalindromesTest" name="checkPageTitle" time="9.896"/>
  <testcase classname="Palindrome.Palindrome.PalindromesTest" name="emptyStrTest" time="9.287"/>
  <testcase classname="Palindrome.Palindrome.PalindromesTest" name="nullStrTest" time="10.91"/>
  <testcase classname="Palindrome.Palindrome.PalindromesTest" name="punctuationTest" time="9.82"/>
</testsuite> <!-- Test -->
