<?xml version="1.0" encoding="UTF-8"?>
<testng-results ignored="0" total="5" passed="5" failed="0" skipped="0">
  <reporter-output>
  </reporter-output>
  <suite started-at="2021-04-15T23:13:39 SAST" name="Suite" finished-at="2021-04-15T23:14:42 SAST" duration-ms="62460">
    <groups>
    </groups>
    <test started-at="2021-04-15T23:13:39 SAST" name="Test" finished-at="2021-04-15T23:14:42 SAST" duration-ms="62460">
      <class name="Palindrome.Palindrome.PalindromesTest">
        <test-method is-config="true" signature="beforeTest()[pri:0, instance:Palindrome.Palindrome.PalindromesTest@214b199c]" started-at="2021-04-15T23:13:39 SAST" name="beforeTest" finished-at="2021-04-15T23:13:44 SAST" duration-ms="4762" status="PASS">
          <reporter-output>
          </reporter-output>
        </test-method> <!-- beforeTest -->
        <test-method signature="alphaNumTest()[pri:0, instance:Palindrome.Palindrome.PalindromesTest@214b199c]" started-at="2021-04-15T23:13:44 SAST" name="alphaNumTest" finished-at="2021-04-15T23:13:56 SAST" duration-ms="11860" status="PASS">
          <reporter-output>
          </reporter-output>
        </test-method> <!-- alphaNumTest -->
        <test-method is-config="true" signature="getResult(org.testng.ITestResult)[pri:0, instance:Palindrome.Palindrome.PalindromesTest@214b199c]" started-at="2021-04-15T23:13:56 SAST" name="getResult" finished-at="2021-04-15T23:14:01 SAST" duration-ms="4562" status="PASS">
          <params>
            <param index="0">
              <value>
                <![CDATA[[TestResult name=alphaNumTest status=SUCCESS method=PalindromesTest.alphaNumTest()[pri:0, instance:Palindrome.Palindrome.PalindromesTest@214b199c] output={null}]]]>
              </value>
            </param>
          </params>
          <reporter-output>
          </reporter-output>
        </test-method> <!-- getResult -->
        <test-method signature="checkPageTitle()[pri:0, instance:Palindrome.Palindrome.PalindromesTest@214b199c]" started-at="2021-04-15T23:14:01 SAST" name="checkPageTitle" finished-at="2021-04-15T23:14:11 SAST" duration-ms="9896" status="PASS">
          <reporter-output>
          </reporter-output>
        </test-method> <!-- checkPageTitle -->
        <test-method is-config="true" signature="getResult(org.testng.ITestResult)[pri:0, instance:Palindrome.Palindrome.PalindromesTest@214b199c]" started-at="2021-04-15T23:14:11 SAST" name="getResult" finished-at="2021-04-15T23:14:11 SAST" duration-ms="374" status="PASS">
          <params>
            <param index="0">
              <value>
                <![CDATA[[TestResult name=checkPageTitle status=SUCCESS method=PalindromesTest.checkPageTitle()[pri:0, instance:Palindrome.Palindrome.PalindromesTest@214b199c] output={null}]]]>
              </value>
            </param>
          </params>
          <reporter-output>
          </reporter-output>
        </test-method> <!-- getResult -->
        <test-method signature="emptyStrTest()[pri:0, instance:Palindrome.Palindrome.PalindromesTest@214b199c]" started-at="2021-04-15T23:14:11 SAST" name="emptyStrTest" finished-at="2021-04-15T23:14:20 SAST" duration-ms="9287" status="PASS">
          <reporter-output>
          </reporter-output>
        </test-method> <!-- emptyStrTest -->
        <test-method is-config="true" signature="getResult(org.testng.ITestResult)[pri:0, instance:Palindrome.Palindrome.PalindromesTest@214b199c]" started-at="2021-04-15T23:14:20 SAST" name="getResult" finished-at="2021-04-15T23:14:21 SAST" duration-ms="351" status="PASS">
          <params>
            <param index="0">
              <value>
                <![CDATA[[TestResult name=emptyStrTest status=SUCCESS method=PalindromesTest.emptyStrTest()[pri:0, instance:Palindrome.Palindrome.PalindromesTest@214b199c] output={null}]]]>
              </value>
            </param>
          </params>
          <reporter-output>
          </reporter-output>
        </test-method> <!-- getResult -->
        <test-method signature="nullStrTest()[pri:0, instance:Palindrome.Palindrome.PalindromesTest@214b199c]" started-at="2021-04-15T23:14:21 SAST" name="nullStrTest" finished-at="2021-04-15T23:14:31 SAST" duration-ms="10910" status="PASS">
          <reporter-output>
          </reporter-output>
        </test-method> <!-- nullStrTest -->
        <test-method is-config="true" signature="getResult(org.testng.ITestResult)[pri:0, instance:Palindrome.Palindrome.PalindromesTest@214b199c]" started-at="2021-04-15T23:14:31 SAST" name="getResult" finished-at="2021-04-15T23:14:32 SAST" duration-ms="266" status="PASS">
          <params>
            <param index="0">
              <value>
                <![CDATA[[TestResult name=nullStrTest status=SUCCESS method=PalindromesTest.nullStrTest()[pri:0, instance:Palindrome.Palindrome.PalindromesTest@214b199c] output={null}]]]>
              </value>
            </param>
          </params>
          <reporter-output>
          </reporter-output>
        </test-method> <!-- getResult -->
        <test-method signature="punctuationTest()[pri:0, instance:Palindrome.Palindrome.PalindromesTest@214b199c]" started-at="2021-04-15T23:14:32 SAST" name="punctuationTest" finished-at="2021-04-15T23:14:42 SAST" duration-ms="9820" status="PASS">
          <reporter-output>
          </reporter-output>
        </test-method> <!-- punctuationTest -->
        <test-method is-config="true" signature="getResult(org.testng.ITestResult)[pri:0, instance:Palindrome.Palindrome.PalindromesTest@214b199c]" started-at="2021-04-15T23:14:42 SAST" name="getResult" finished-at="2021-04-15T23:14:42 SAST" duration-ms="326" status="PASS">
          <params>
            <param index="0">
              <value>
                <![CDATA[[TestResult name=punctuationTest status=SUCCESS method=PalindromesTest.punctuationTest()[pri:0, instance:Palindrome.Palindrome.PalindromesTest@214b199c] output={null}]]]>
              </value>
            </param>
          </params>
          <reporter-output>
          </reporter-output>
        </test-method> <!-- getResult -->
      </class> <!-- Palindrome.Palindrome.PalindromesTest -->
    </test> <!-- Test -->
  </suite> <!-- Suite -->
</testng-results>
